2025-06-04 15:22:09,317 - INFO - Using Sionna version: 1.0.2
2025-06-04 15:22:09,317 - INFO - Using TensorFlow version: 2.19.0
2025-06-04 15:22:09,744 - INFO - Sionna PanelArray for BS initialized successfully.
2025-06-04 15:22:09,744 - INFO - Total BS antenna ports defined: 64
2025-06-04 15:22:09,752 - INFO - Sionna PanelArray for UT (omni) initialized successfully.
2025-06-04 15:22:09,777 - INFO - Sionna UMa channel model object created successfully.
2025-06-04 15:22:12,869 - INFO - Sionna UMa channel model topology set successfully.
2025-06-04 15:22:12,948 - INFO - Agent initialized with episodes: 1500, epsilon_decay_env_steps: 75000
2025-06-04 15:22:12,948 - DEBUG - Entering MmWaveISACEnv.reset
2025-06-04 15:22:12,950 - DEBUG - Entering _get_state
2025-06-04 15:22:12,950 - DEBUG - Entering _get_channel_and_powers
2025-06-04 15:22:14,169 - DEBUG - h_user norm: (2.680519173736684e-05+3.0865708544379293e-16j)
2025-06-04 15:22:14,377 - DEBUG - h_attacker norm: (0.0012805755250155926+1.8486780032148098e-13j)
2025-06-04 15:22:14,377 - DEBUG - Entering _get_steering_vector
2025-06-04 15:22:14,381 - DEBUG - f_theta: 2.5118863582611084, f_phi: 0.0
2025-06-04 15:22:14,433 - DEBUG - Steering vector norm: (20.095090866088867+0j)
2025-06-04 15:22:14,486 - DEBUG - Signal power user: 3.148376524764185e-12, attacker: 1.198016425646431e-11
2025-06-04 15:22:14,496 - DEBUG - prob_detection: 0.8845709016420843, true_attacker_range: 32.55934524536133, isac_effort: 0.7
2025-06-04 15:22:14,496 - DEBUG - Attacker detected: confidence=0.9000371438466992, detected_range=31.137318933657145, detected_az=-0.4411123794815475
2025-06-04 15:22:14,497 - DEBUG - Returning state_array: [ 8.980866    0.         -0.44111237 31.13732     0.90003717 32.559345
 -0.27786627]
2025-06-04 15:22:14,497 - DEBUG - reset returning obs shape: (7,)
2025-06-04 15:22:14,497 - DEBUG - Entering step with action_idx: 1
2025-06-04 15:22:14,499 - DEBUG - Entering _get_state
2025-06-04 15:22:14,499 - DEBUG - Entering _get_channel_and_powers
2025-06-04 15:22:14,705 - DEBUG - h_user norm: (0.0003270253073424101+2.587757753306358e-13j)
2025-06-04 15:22:14,910 - DEBUG - h_attacker norm: (0.0004205266013741493-3.8339280751878424e-13j)
2025-06-04 15:22:14,910 - DEBUG - Entering _get_steering_vector
2025-06-04 15:22:14,912 - DEBUG - f_theta: 2.4914357662200928, f_phi: 0.0
2025-06-04 15:22:14,915 - DEBUG - Steering vector norm: (19.931486129760742+0j)
2025-06-04 15:22:14,917 - DEBUG - Signal power user: 4.3661785298354516e-10, attacker: 4.880268932028198e-12
2025-06-04 15:22:14,918 - DEBUG - prob_detection: 0.8840645199284509, true_attacker_range: 32.616607666015625, isac_effort: 0.7
2025-06-04 15:22:14,918 - DEBUG - Attacker detected: confidence=0.8375018158763357, detected_range=33.137710799956004, detected_az=-0.30418139516423914
2025-06-04 15:22:14,918 - DEBUG - Returning state_array: [30.          0.08726646 -0.3041814  33.13771     0.8375018  32.616608
 -0.2886966 ]
2025-06-04 15:22:14,919 - DEBUG - Entering step with action_idx: 1
2025-06-04 15:22:14,920 - DEBUG - Entering _get_state
2025-06-04 15:22:14,920 - DEBUG - Entering _get_channel_and_powers
2025-06-04 15:22:15,123 - DEBUG - h_user norm: (1.2932097888551652e-05-8.124766288084614e-15j)
2025-06-04 15:22:15,326 - DEBUG - h_attacker norm: (0.0002571035292930901-1.0406555988034388e-13j)
2025-06-04 15:22:15,326 - DEBUG - Entering _get_steering_vector
2025-06-04 15:22:15,327 - DEBUG - f_theta: 2.431077480316162, f_phi: 0.0
2025-06-04 15:22:15,331 - DEBUG - Steering vector norm: (19.448619842529297+0j)
2025-06-04 15:22:15,333 - DEBUG - Signal power user: 8.452855521654326e-14, attacker: 2.0462889195604905e-12
2025-06-04 15:22:15,333 - DEBUG - prob_detection: 0.8843402260341862, true_attacker_range: 32.585426330566406, isac_effort: 0.7
2025-06-04 15:22:15,333 - DEBUG - Attacker detected: confidence=0.8816923596695319, detected_range=33.994812070451694, detected_az=-0.2605537398279113
2025-06-04 15:22:15,334 - DEBUG - Returning state_array: [-6.729965    0.17453292 -0.26055375 33.994812    0.88169235 32.585426
 -0.2898343 ]
2025-06-04 15:22:15,334 - DEBUG - Entering step with action_idx: 0
2025-06-04 15:22:15,335 - DEBUG - Entering _get_state
2025-06-04 15:22:15,335 - DEBUG - Entering _get_channel_and_powers
2025-06-04 15:22:15,537 - DEBUG - h_user norm: (8.005393283383455e-06-1.0578730003530518e-15j)
2025-06-04 15:22:15,741 - DEBUG - h_attacker norm: (0.0006964430795051157-9.742723121319852e-13j)
2025-06-04 15:22:15,741 - DEBUG - Entering _get_steering_vector
2025-06-04 15:22:15,743 - DEBUG - f_theta: 2.4914357662200928, f_phi: 0.0
2025-06-04 15:22:15,746 - DEBUG - Steering vector norm: (19.931486129760742+0j)
2025-06-04 15:22:15,748 - DEBUG - Signal power user: 9.777629958939923e-15, attacker: 1.6081656839528335e-11
2025-06-04 15:22:15,748 - DEBUG - prob_detection: 0.8858002958719403, true_attacker_range: 32.42045974731445, isac_effort: 0.7
2025-06-04 15:22:15,749 - DEBUG - Attacker detected: confidence=0.8292189795433232, detected_range=32.86508864862802, detected_az=-0.2426218962064036
2025-06-04 15:22:15,749 - DEBUG - Returning state_array: [-16.097664     0.08726646  -0.2426219   32.86509      0.829219
  32.42046     -0.2904628 ]
2025-06-04 15:22:15,749 - DEBUG - Entering step with action_idx: 4
2025-06-04 15:22:15,750 - DEBUG - Entering _get_state
2025-06-04 15:22:15,750 - DEBUG - Entering _get_channel_and_powers
2025-06-04 15:22:15,954 - DEBUG - h_user norm: (2.3247305307450006e-06-4.61291549036291e-16j)
2025-06-04 15:22:16,157 - DEBUG - h_attacker norm: (0.0006109411478973925-3.8371185433682883e-14j)
2025-06-04 15:22:16,158 - DEBUG - Entering _get_steering_vector
2025-06-04 15:22:16,159 - DEBUG - f_theta: 2.4914357662200928, f_phi: 0.0
2025-06-04 15:22:16,163 - DEBUG - Steering vector norm: (19.931486129760742+0j)
2025-06-04 15:22:16,164 - DEBUG - Signal power user: 6.836910459431453e-14, attacker: 9.59522565568971e-12
2025-06-04 15:22:16,165 - DEBUG - prob_detection: 0.6305151812453954, true_attacker_range: 32.7686653137207, isac_effort: 0.49999999999999994
2025-06-04 15:22:16,165 - DEBUG - Attacker detected: confidence=0.5687760013555505, detected_range=35.0548496109345, detected_az=-0.2624238160054496
2025-06-04 15:22:16,166 - DEBUG - Returning state_array: [-7.651401    0.08726646 -0.2624238  35.054848    0.568776   32.768665
 -0.2980857 ]
2025-06-04 15:22:16,166 - DEBUG - Entering step with action_idx: 0
2025-06-04 15:22:16,167 - DEBUG - Entering _get_state
2025-06-04 15:22:16,167 - DEBUG - Entering _get_channel_and_powers
2025-06-04 15:22:16,369 - DEBUG - h_user norm: (9.529656381346285e-06+2.749252953385909e-15j)
2025-06-04 15:22:16,575 - DEBUG - h_attacker norm: (0.0008919692481867969-4.988750298279276e-13j)
2025-06-04 15:22:16,575 - DEBUG - Entering _get_steering_vector
2025-06-04 15:22:16,577 - DEBUG - f_theta: 2.5118863582611084, f_phi: 0.0
2025-06-04 15:22:16,580 - DEBUG - Steering vector norm: (20.095090866088867+0j)
2025-06-04 15:22:16,582 - DEBUG - Signal power user: 5.047776805648229e-15, attacker: 5.803312691510243e-12
2025-06-04 15:22:16,582 - DEBUG - prob_detection: 0.6308413899964669, true_attacker_range: 32.716941833496094, isac_effort: 0.49999999999999994
2025-06-04 15:22:16,583 - DEBUG - Attacker detected: confidence=0.5884685987441739, detected_range=34.6022009979608, detected_az=-0.1307342472221483
2025-06-04 15:22:16,583 - DEBUG - Returning state_array: [-1.8969000e+01 -2.5386431e-09 -1.3073425e-01  3.4602200e+01
  5.8846861e-01  3.2716942e+01 -3.1162497e-01]
2025-06-04 15:22:16,583 - DEBUG - Entering step with action_idx: 4
2025-06-04 15:22:16,584 - DEBUG - Entering _get_state
2025-06-04 15:22:16,584 - DEBUG - Entering _get_channel_and_powers
2025-06-04 15:22:16,788 - DEBUG - h_user norm: (4.548577999230474e-05+6.912029406952111e-15j)
2025-06-04 15:22:16,991 - DEBUG - h_attacker norm: (0.0007691390928812325+7.436905908805858e-14j)
2025-06-04 15:22:16,991 - DEBUG - Entering _get_steering_vector
2025-06-04 15:22:16,993 - DEBUG - f_theta: 2.5118863582611084, f_phi: 0.0
2025-06-04 15:22:16,996 - DEBUG - Steering vector norm: (20.095090866088867+0j)
2025-06-04 15:22:16,998 - DEBUG - Signal power user: 4.244140108800032e-11, attacker: 5.431546705458867e-12
2025-06-04 15:22:16,999 - DEBUG - prob_detection: 0.3781342268215195, true_attacker_range: 32.814903259277344, isac_effort: 0.3
2025-06-04 15:22:16,999 - DEBUG - Attacker detected: confidence=0.3501303668595521, detected_range=27.22172766603205, detected_az=-0.4123926489364857
2025-06-04 15:22:16,999 - DEBUG - Returning state_array: [ 2.0277899e+01 -2.5386431e-09 -4.1239265e-01  2.7221727e+01
  3.5013038e-01  3.2814903e+01 -3.1254229e-01]
2025-06-04 15:22:17,000 - DEBUG - Entering step with action_idx: 3
2025-06-04 15:22:17,000 - DEBUG - Entering _get_state
2025-06-04 15:22:17,000 - DEBUG - Entering _get_channel_and_powers
2025-06-04 15:22:17,204 - DEBUG - h_user norm: (0.0002876515209209174-1.860351065904875e-13j)
2025-06-04 15:22:17,406 - DEBUG - h_attacker norm: (0.00043046579230576754+2.7061222728809453e-13j)
2025-06-04 15:22:17,406 - DEBUG - Entering _get_steering_vector
2025-06-04 15:22:17,408 - DEBUG - f_theta: 2.5118863582611084, f_phi: 0.0
2025-06-04 15:22:17,411 - DEBUG - Steering vector norm: (20.095090866088867+0j)
2025-06-04 15:22:17,413 - DEBUG - Signal power user: 1.7221897519181795e-11, attacker: 1.4305260535169007e-12
2025-06-04 15:22:17,414 - DEBUG - prob_detection: 0.6320539703512232, true_attacker_range: 32.52490997314453, isac_effort: 0.5
2025-06-04 15:22:17,414 - DEBUG - Returning state_array: [ 1.6360809e+01 -2.5386431e-09 -3.1415927e+00  0.0000000e+00
  0.0000000e+00  3.2524910e+01 -3.1421065e-01]
2025-06-04 15:22:17,414 - DEBUG - Entering step with action_idx: 0
2025-06-04 15:22:17,415 - DEBUG - Entering _get_state
2025-06-04 15:22:17,415 - DEBUG - Entering _get_channel_and_powers
2025-06-04 15:22:17,618 - DEBUG - h_user norm: (1.3152304063623887e-06+1.1708889007360488e-15j)
2025-06-04 15:22:17,821 - DEBUG - h_attacker norm: (0.00035441480576992035-3.76381970024469e-14j)
2025-06-04 15:22:17,821 - DEBUG - Entering _get_steering_vector
2025-06-04 15:22:17,823 - DEBUG - f_theta: 2.4914357662200928, f_phi: 0.0
2025-06-04 15:22:17,826 - DEBUG - Steering vector norm: (19.931486129760742+0j)
2025-06-04 15:22:17,828 - DEBUG - Signal power user: 7.150271505290131e-16, attacker: 2.3290577366025245e-12
2025-06-04 15:22:17,828 - WARNING - Signal power user too low, setting default SINR adjustment power
2025-06-04 15:22:17,829 - DEBUG - prob_detection: 0.6293674678024792, true_attacker_range: 32.95085906982422, isac_effort: 0.5
2025-06-04 15:22:17,829 - DEBUG - Returning state_array: [-26.          -0.08726647  -3.1415927    0.           0.
  32.95086     -0.30735195]
2025-06-04 15:22:17,829 - INFO - TERMINATED due to very low SINR: -26.00 dB.
2025-06-04 15:22:17,829 - DEBUG - Entering MmWaveISACEnv.reset
2025-06-04 15:22:17,830 - DEBUG - Entering _get_state
2025-06-04 15:22:17,830 - DEBUG - Entering _get_channel_and_powers
2025-06-04 15:22:18,032 - DEBUG - h_user norm: (1.180501658382127e-05+1.472837998751312e-14j)
2025-06-04 15:22:18,235 - DEBUG - h_attacker norm: (0.00025702762650325894-2.991864365303222e-14j)
2025-06-04 15:22:18,235 - DEBUG - Entering _get_steering_vector
2025-06-04 15:22:18,236 - DEBUG - f_theta: 2.5118863582611084, f_phi: 0.0
2025-06-04 15:22:18,240 - DEBUG - Steering vector norm: (20.095090866088867+0j)
2025-06-04 15:22:18,241 - DEBUG - Signal power user: 3.8075380352678e-15, attacker: 3.9036737167416624e-13
2025-06-04 15:22:18,242 - DEBUG - prob_detection: 0.8575010026063022, true_attacker_range: 35.66737747192383, isac_effort: 0.7
2025-06-04 15:22:18,242 - DEBUG - Attacker detected: confidence=0.8802139331935456, detected_range=33.762273097682765, detected_az=-0.6879366396731913
2025-06-04 15:22:18,243 - DEBUG - Returning state_array: [-20.193558     0.          -0.68793666  33.76227      0.8802139
  35.667377    -0.46748602]
2025-06-04 15:22:18,243 - DEBUG - reset returning obs shape: (7,)
2025-06-04 15:22:18,243 - DEBUG - Entering step with action_idx: 0
2025-06-04 15:22:18,244 - DEBUG - Entering _get_state
2025-06-04 15:22:18,244 - DEBUG - Entering _get_channel_and_powers
2025-06-04 15:22:18,447 - DEBUG - h_user norm: (4.01288571083569e-06-1.1198591890704767e-15j)
2025-06-04 15:22:18,650 - DEBUG - h_attacker norm: (0.00046035804552957416+1.2449491036594512e-13j)
2025-06-04 15:22:18,650 - DEBUG - Entering _get_steering_vector
2025-06-04 15:22:18,651 - DEBUG - f_theta: 2.4914357662200928, f_phi: 0.0
2025-06-04 15:22:18,655 - DEBUG - Steering vector norm: (19.931486129760742+0j)
2025-06-04 15:22:18,656 - DEBUG - Signal power user: 1.5053635768819324e-15, attacker: 1.5559235757439671e-12
2025-06-04 15:22:18,657 - DEBUG - prob_detection: 0.8569716066218687, true_attacker_range: 35.72913360595703, isac_effort: 0.7
2025-06-04 15:22:18,657 - DEBUG - Attacker detected: confidence=0.9570135611278494, detected_range=36.06426551219752, detected_az=-0.6346749944882575
2025-06-04 15:22:18,658 - DEBUG - Returning state_array: [-24.223585    -0.08726646  -0.63467497  36.064266     0.95701355
  35.729134    -0.46801108]
2025-06-04 15:22:18,658 - INFO - TERMINATED due to very low SINR: -24.22 dB.
2025-06-04 15:22:18,658 - DEBUG - Entering MmWaveISACEnv.reset
2025-06-04 15:22:18,659 - DEBUG - Entering _get_state
2025-06-04 15:22:18,659 - DEBUG - Entering _get_channel_and_powers
2025-06-04 15:22:18,860 - DEBUG - h_user norm: (0.0005727596580982208+2.0210092280259495e-13j)
2025-06-04 15:22:19,061 - DEBUG - h_attacker norm: (0.00022572978923562914-4.631014403335895e-14j)
2025-06-04 15:22:19,061 - DEBUG - Entering _get_steering_vector
2025-06-04 15:22:19,063 - DEBUG - f_theta: 2.5118863582611084, f_phi: 0.0
2025-06-04 15:22:19,066 - DEBUG - Steering vector norm: (20.095090866088867+0j)
2025-06-04 15:22:19,068 - DEBUG - Signal power user: 3.385992116029801e-13, attacker: 1.0168832789703153e-11
2025-06-04 15:22:19,069 - DEBUG - prob_detection: 0.7367457612399182, true_attacker_range: 50.8453254699707, isac_effort: 0.7
2025-06-04 15:22:19,069 - DEBUG - Returning state_array: [-0.7031406   0.         -3.1415927   0.          0.         50.845325
 -0.29485577]
2025-06-04 15:22:19,069 - DEBUG - reset returning obs shape: (7,)
2025-06-04 15:22:19,069 - DEBUG - Entering step with action_idx: 0
2025-06-04 15:22:19,070 - DEBUG - Entering _get_state
2025-06-04 15:22:19,070 - DEBUG - Entering _get_channel_and_powers
2025-06-04 15:22:19,272 - DEBUG - h_user norm: (0.00021541690512094647+1.0271428483145731e-13j)
2025-06-04 15:22:19,474 - DEBUG - h_attacker norm: (2.247431257274002e-05-2.688190856438115e-14j)
2025-06-04 15:22:19,474 - DEBUG - Entering _get_steering_vector
2025-06-04 15:22:19,476 - DEBUG - f_theta: 2.4914357662200928, f_phi: 0.0
2025-06-04 15:22:19,479 - DEBUG - Steering vector norm: (19.931486129760742+0j)
2025-06-04 15:22:19,481 - DEBUG - Signal power user: 3.2129136157132976e-11, attacker: 1.0550049332411215e-12
2025-06-04 15:22:19,482 - DEBUG - prob_detection: 0.7391310874682702, true_attacker_range: 50.5220832824707, isac_effort: 0.7
2025-06-04 15:22:19,482 - DEBUG - Attacker detected: confidence=0.7784120912280563, detected_range=47.6423163645789, detected_az=-0.23228927273536815
2025-06-04 15:22:19,482 - DEBUG - Returning state_array: [19.068989   -0.08726646 -0.23228927 47.642315    0.7784121  50.522083
 -0.2884102 ]
2025-06-04 15:22:19,483 - DEBUG - Entering step with action_idx: 1
2025-06-04 15:22:19,483 - DEBUG - Entering _get_state
2025-06-04 15:22:19,483 - DEBUG - Entering _get_channel_and_powers
2025-06-04 15:22:19,687 - DEBUG - h_user norm: (4.446857928996906e-05-2.01465346548425e-14j)
2025-06-04 15:22:19,890 - DEBUG - h_attacker norm: (0.00036840798566117883+1.5784037488489333e-13j)
2025-06-04 15:22:19,890 - DEBUG - Entering _get_steering_vector
2025-06-04 15:22:19,892 - DEBUG - f_theta: 2.5118863582611084, f_phi: 0.0
2025-06-04 15:22:19,895 - DEBUG - Steering vector norm: (20.095090866088867+0j)
2025-06-04 15:22:19,897 - DEBUG - Signal power user: 8.459039024799608e-12, attacker: 1.3832909644129199e-11
2025-06-04 15:22:19,898 - DEBUG - prob_detection: 0.7385933108974521, true_attacker_range: 50.59486770629883, isac_effort: 0.7
2025-06-04 15:22:19,898 - DEBUG - Attacker detected: confidence=0.7004016587099104, detected_range=45.218176864712184, detected_az=-0.1737037279777468
2025-06-04 15:22:19,898 - DEBUG - Returning state_array: [ 1.3273211e+01  2.5386431e-09 -1.7370373e-01  4.5218178e+01
  7.0040166e-01  5.0594868e+01 -2.8785032e-01]
2025-06-04 15:22:19,899 - DEBUG - Entering step with action_idx: 1
2025-06-04 15:22:19,899 - DEBUG - Entering _get_state
2025-06-04 15:22:19,899 - DEBUG - Entering _get_channel_and_powers
2025-06-04 15:22:20,102 - DEBUG - h_user norm: (2.640502316353377e-05-3.863805502217661e-14j)
2025-06-04 15:22:20,305 - DEBUG - h_attacker norm: (0.00032166202436201274+1.6482150481616597e-15j)
2025-06-04 15:22:20,305 - DEBUG - Entering _get_steering_vector
2025-06-04 15:22:20,306 - DEBUG - f_theta: 2.4914357662200928, f_phi: 0.0
2025-06-04 15:22:20,310 - DEBUG - Steering vector norm: (19.931486129760742+0j)
2025-06-04 15:22:20,311 - DEBUG - Signal power user: 1.465368082952112e-13, attacker: 7.398696932892079e-11
2025-06-04 15:22:20,312 - DEBUG - prob_detection: 0.7385588817291502, true_attacker_range: 50.59952926635742, isac_effort: 0.7
2025-06-04 15:22:20,313 - DEBUG - Returning state_array: [-4.340533    0.08726647 -3.1415927   0.          0.         50.59953
 -0.29250506]
2025-06-04 15:22:20,313 - DEBUG - Entering step with action_idx: 4
2025-06-04 15:22:20,313 - DEBUG - Entering _get_state
2025-06-04 15:22:20,314 - DEBUG - Entering _get_channel_and_powers
2025-06-04 15:22:20,517 - DEBUG - h_user norm: (0.00044068292481824756-1.5397367625694103e-13j)
2025-06-04 15:22:20,719 - DEBUG - h_attacker norm: (0.00017139120609499514+1.1198970895597016e-13j)
2025-06-04 15:22:20,720 - DEBUG - Entering _get_steering_vector
2025-06-04 15:22:20,721 - DEBUG - f_theta: 2.4914357662200928, f_phi: 0.0
2025-06-04 15:22:20,725 - DEBUG - Steering vector norm: (19.931486129760742+0j)
2025-06-04 15:22:20,726 - DEBUG - Signal power user: 4.93103557985819e-10, attacker: 1.649534328573843e-11
2025-06-04 15:22:20,727 - DEBUG - prob_detection: 0.5266136444719857, true_attacker_range: 50.775672912597656, isac_effort: 0.49999999999999994
2025-06-04 15:22:20,728 - DEBUG - Returning state_array: [30.          0.08726647 -3.1415927   0.          0.         50.775673
 -0.29591364]
2025-06-04 15:22:20,728 - DEBUG - Entering step with action_idx: 4
2025-06-04 15:22:20,728 - DEBUG - Entering _get_state
2025-06-04 15:22:20,729 - DEBUG - Entering _get_channel_and_powers
2025-06-04 15:22:20,932 - DEBUG - h_user norm: (1.2300853086344432e-05-8.479114051238978e-15j)
2025-06-04 15:22:21,134 - DEBUG - h_attacker norm: (5.9924735978711396e-05-1.145238858444881e-14j)
2025-06-04 15:22:21,134 - DEBUG - Entering _get_steering_vector
2025-06-04 15:22:21,136 - DEBUG - f_theta: 2.4914357662200928, f_phi: 0.0
2025-06-04 15:22:21,139 - DEBUG - Steering vector norm: (19.931486129760742+0j)
2025-06-04 15:22:21,140 - DEBUG - Signal power user: 4.39099508164377e-14, attacker: 2.2294579377080126e-12
2025-06-04 15:22:21,141 - DEBUG - prob_detection: 0.3160424071347037, true_attacker_range: 50.7521858215332, isac_effort: 0.3
2025-06-04 15:22:21,142 - DEBUG - Returning state_array: [-9.57437     0.08726647 -3.1415927   0.          0.         50.752186
 -0.3055912 ]
2025-06-04 15:22:21,142 - DEBUG - Entering step with action_idx: 0
2025-06-04 15:22:21,143 - DEBUG - Entering _get_state
2025-06-04 15:22:21,143 - DEBUG - Entering _get_channel_and_powers
2025-06-04 15:22:21,345 - DEBUG - h_user norm: (0.000522407703101635+5.995982248034604e-14j)
2025-06-04 15:22:21,547 - DEBUG - h_attacker norm: (0.0003490080125629902-3.207983127729262e-14j)
2025-06-04 15:22:21,547 - DEBUG - Entering _get_steering_vector
2025-06-04 15:22:21,548 - DEBUG - f_theta: 2.5118863582611084, f_phi: 0.0
2025-06-04 15:22:21,552 - DEBUG - Steering vector norm: (20.095090866088867+0j)
2025-06-04 15:22:21,553 - DEBUG - Signal power user: 2.3820913774494357e-13, attacker: 4.9946716901283494e-11
2025-06-04 15:22:21,554 - DEBUG - prob_detection: 0.31606981174958376, true_attacker_range: 50.74351501464844, isac_effort: 0.3
2025-06-04 15:22:21,554 - DEBUG - Attacker detected: confidence=0.35746854884810786, detected_range=53.82466030997509, detected_az=-0.34308357527757505
2025-06-04 15:22:21,555 - DEBUG - Returning state_array: [-2.2304161e+00  4.9119375e-09 -3.4308356e-01  5.3824661e+01
  3.5746855e-01  5.0743515e+01 -3.0594674e-01]
2025-06-04 15:22:21,555 - DEBUG - Entering step with action_idx: 4
2025-06-04 15:22:21,556 - DEBUG - Entering _get_state
2025-06-04 15:22:21,556 - DEBUG - Entering _get_channel_and_powers
2025-06-04 15:22:21,758 - DEBUG - h_user norm: (0.000339369144057855-1.9292453377027508e-13j)
2025-06-04 15:22:21,962 - DEBUG - h_attacker norm: (0.00029046571580693126-3.321974043502679e-13j)
2025-06-04 15:22:21,962 - DEBUG - Entering _get_steering_vector
2025-06-04 15:22:21,964 - DEBUG - f_theta: 2.5118863582611084, f_phi: 0.0
2025-06-04 15:22:21,967 - DEBUG - Steering vector norm: (20.095090866088867+0j)
2025-06-04 15:22:21,969 - DEBUG - Signal power user: 7.52745522164533e-12, attacker: 2.0527692393135233e-11
2025-06-04 15:22:21,969 - DEBUG - prob_detection: 0.31627884255190086, true_attacker_range: 50.67740249633789, isac_effort: 0.3
2025-06-04 15:22:21,969 - DEBUG - Attacker detected: confidence=0.31863073082914173, detected_range=53.91465066814721, detected_az=-0.2741232973238661
2025-06-04 15:22:21,970 - DEBUG - Returning state_array: [ 1.2766480e+01  4.9119375e-09 -2.7412331e-01  5.3914650e+01
  3.1863073e-01  5.0677402e+01 -2.9689679e-01]
2025-06-04 15:22:21,970 - DEBUG - Entering step with action_idx: 1
2025-06-04 15:22:21,971 - DEBUG - Entering _get_state
2025-06-04 15:22:21,971 - DEBUG - Entering _get_channel_and_powers
2025-06-04 15:22:22,173 - DEBUG - h_user norm: (5.888667510589585e-05-2.7366823491739448e-15j)
2025-06-04 15:22:22,375 - DEBUG - h_attacker norm: (8.574278581363615e-06-9.713645090104334e-15j)
2025-06-04 15:22:22,375 - DEBUG - Entering _get_steering_vector
2025-06-04 15:22:22,376 - DEBUG - f_theta: 2.4914357662200928, f_phi: 0.0
2025-06-04 15:22:22,380 - DEBUG - Steering vector norm: (19.931486129760742+0j)
2025-06-04 15:22:22,381 - DEBUG - Signal power user: 1.927114197386448e-11, attacker: 8.11017323177482e-13
2025-06-04 15:22:22,382 - DEBUG - prob_detection: 0.3156214128416195, true_attacker_range: 50.88548278808594, isac_effort: 0.3
2025-06-04 15:22:22,383 - DEBUG - Returning state_array: [16.849075    0.08726647 -3.1415927   0.          0.         50.885483
 -0.30335373]
2025-06-04 15:22:22,383 - DEBUG - Entering step with action_idx: 4
2025-06-04 15:22:22,384 - DEBUG - Entering _get_state
2025-06-04 15:22:22,384 - DEBUG - Entering _get_channel_and_powers
2025-06-04 15:22:22,585 - DEBUG - h_user norm: (0.00022518580954056233+1.5017844010468268e-13j)
2025-06-04 15:22:22,789 - DEBUG - h_attacker norm: (0.00027888486511074007-5.392902074072888e-15j)
2025-06-04 15:22:22,789 - DEBUG - Entering _get_steering_vector
2025-06-04 15:22:22,791 - DEBUG - f_theta: 2.4914357662200928, f_phi: 0.0
2025-06-04 15:22:22,794 - DEBUG - Steering vector norm: (19.931486129760742+0j)
2025-06-04 15:22:22,796 - DEBUG - Signal power user: 1.2115659864253558e-10, attacker: 4.831756175716073e-11
2025-06-04 15:22:22,797 - DEBUG - prob_detection: 0.3156275653423031, true_attacker_range: 50.8835334777832, isac_effort: 0.3
2025-06-04 15:22:22,797 - DEBUG - Attacker detected: confidence=0.2840273302573246, detected_range=53.543064499677214, detected_az=-0.29723225679056864
2025-06-04 15:22:22,797 - DEBUG - Returning state_array: [24.83347     0.08726647 -0.29723227 53.543064    0.28402734 50.883533
 -0.2935579 ]
2025-06-04 15:22:22,797 - DEBUG - Entering step with action_idx: 3
2025-06-04 15:22:22,798 - DEBUG - Entering _get_state
2025-06-04 15:22:22,798 - DEBUG - Entering _get_channel_and_powers
2025-06-04 15:22:23,002 - DEBUG - h_user norm: (0.00016770830552559346+5.383927082370371e-14j)
2025-06-04 15:22:23,204 - DEBUG - h_attacker norm: (0.00011290085967630148+4.679272919659583e-14j)
2025-06-04 15:22:23,204 - DEBUG - Entering _get_steering_vector
2025-06-04 15:22:23,205 - DEBUG - f_theta: 2.4914357662200928, f_phi: 0.0
2025-06-04 15:22:23,209 - DEBUG - Steering vector norm: (19.931486129760742+0j)
2025-06-04 15:22:23,210 - DEBUG - Signal power user: 4.6082884036513505e-11, attacker: 8.223474852464552e-12
2025-06-04 15:22:23,211 - DEBUG - prob_detection: 0.5266790573945181, true_attacker_range: 50.76325225830078, isac_effort: 0.5
2025-06-04 15:22:23,212 - DEBUG - Returning state_array: [20.635397    0.08726647 -3.1415927   0.          0.         50.763252
 -0.29556766]
2025-06-04 15:22:23,212 - DEBUG - Entering step with action_idx: 1
2025-06-04 15:22:23,213 - DEBUG - Entering _get_state
2025-06-04 15:22:23,213 - DEBUG - Entering _get_channel_and_powers
2025-06-04 15:22:23,415 - DEBUG - h_user norm: (0.00026993712526746094+1.4824220410242228e-13j)
2025-06-04 15:22:23,622 - DEBUG - h_attacker norm: (1.8637643734109588e-05+9.509633816626346e-15j)
2025-06-04 15:22:23,622 - DEBUG - Entering _get_steering_vector
2025-06-04 15:22:23,624 - DEBUG - f_theta: 2.431077480316162, f_phi: 0.0
2025-06-04 15:22:23,627 - DEBUG - Steering vector norm: (19.448619842529297+0j)
2025-06-04 15:22:23,629 - DEBUG - Signal power user: 5.280741399715794e-10, attacker: 2.658486766230622e-13
2025-06-04 15:22:23,630 - DEBUG - prob_detection: 0.5263461106623941, true_attacker_range: 50.82648849487305, isac_effort: 0.5
2025-06-04 15:22:23,630 - DEBUG - Returning state_array: [30.          0.17453294 -3.1415927   0.          0.         50.82649
 -0.29562053]
2025-06-04 15:22:23,630 - DEBUG - Entering step with action_idx: 3
2025-06-04 15:22:23,631 - DEBUG - Entering _get_state
2025-06-04 15:22:23,631 - DEBUG - Entering _get_channel_and_powers
2025-06-04 15:22:23,834 - DEBUG - h_user norm: (0.00018532475223764777-1.2856615898032987e-14j)
2025-06-04 15:22:24,037 - DEBUG - h_attacker norm: (0.0003275285998824984+3.0050606642829936e-13j)
2025-06-04 15:22:24,037 - DEBUG - Entering _get_steering_vector
2025-06-04 15:22:24,039 - DEBUG - f_theta: 2.431077480316162, f_phi: 0.0
2025-06-04 15:22:24,042 - DEBUG - Steering vector norm: (19.448619842529297+0j)
2025-06-04 15:22:24,043 - DEBUG - Signal power user: 2.356083383947549e-10, attacker: 4.909282615844779e-12
2025-06-04 15:22:24,044 - DEBUG - prob_detection: 0.7378537751140054, true_attacker_range: 50.695045471191406, isac_effort: 0.7
2025-06-04 15:22:24,044 - DEBUG - Attacker detected: confidence=0.7848750972349673, detected_range=50.97850369646387, detected_az=-0.1493298821197816
2025-06-04 15:22:24,045 - DEBUG - Returning state_array: [27.721905    0.17453294 -0.14932989 50.978504    0.7848751  50.695045
 -0.29050142]
2025-06-04 15:22:24,045 - DEBUG - Entering step with action_idx: 4
2025-06-04 15:22:24,046 - DEBUG - Entering _get_state
2025-06-04 15:22:24,046 - DEBUG - Entering _get_channel_and_powers
2025-06-04 15:22:24,251 - DEBUG - h_user norm: (0.0001012870270642452+3.464411849301956e-14j)
2025-06-04 15:22:24,457 - DEBUG - h_attacker norm: (0.0003265749546699226+1.3795815347310975e-13j)
2025-06-04 15:22:24,457 - DEBUG - Entering _get_steering_vector
2025-06-04 15:22:24,459 - DEBUG - f_theta: 2.431077480316162, f_phi: 0.0
2025-06-04 15:22:24,463 - DEBUG - Steering vector norm: (19.448619842529297+0j)
2025-06-04 15:22:24,464 - DEBUG - Signal power user: 7.256563405722005e-11, attacker: 9.607132797628815e-12
2025-06-04 15:22:24,465 - DEBUG - prob_detection: 0.526153010897824, true_attacker_range: 50.863182067871094, isac_effort: 0.49999999999999994
2025-06-04 15:22:24,465 - DEBUG - Attacker detected: confidence=0.5367934065625726, detected_range=49.79318134160283, detected_az=-0.3253428299770421
2025-06-04 15:22:24,466 - DEBUG - Returning state_array: [22.60731     0.17453294 -0.32534283 49.793182    0.5367934  50.863182
 -0.29545283]
2025-06-04 15:22:24,466 - DEBUG - Entering step with action_idx: 2
2025-06-04 15:22:24,467 - DEBUG - Entering _get_state
2025-06-04 15:22:24,467 - DEBUG - Entering _get_channel_and_powers
2025-06-04 15:22:24,669 - DEBUG - h_user norm: (0.00038027591654099524+5.3909510183821827e-14j)
2025-06-04 15:22:24,872 - DEBUG - h_attacker norm: (0.00017109060718212277+6.726643117434825e-15j)
2025-06-04 15:22:24,872 - DEBUG - Entering _get_steering_vector
2025-06-04 15:22:24,874 - DEBUG - f_theta: 2.431077480316162, f_phi: 0.0
2025-06-04 15:22:24,877 - DEBUG - Steering vector norm: (19.448619842529297+0j)
2025-06-04 15:22:24,879 - DEBUG - Signal power user: 1.0493448332482558e-09, attacker: 1.7164910985634219e-12
2025-06-04 15:22:24,879 - DEBUG - prob_detection: 0.5269206493335341, true_attacker_range: 50.71739196777344, isac_effort: 0.49999999999999994
2025-06-04 15:22:24,880 - DEBUG - Returning state_array: [30.          0.17453294 -3.1415927   0.          0.         50.717392
 -0.30408037]
2025-06-04 15:22:24,880 - DEBUG - Entering step with action_idx: 0
2025-06-04 15:22:24,881 - DEBUG - Entering _get_state
2025-06-04 15:22:24,881 - DEBUG - Entering _get_channel_and_powers
2025-06-04 15:22:25,083 - DEBUG - h_user norm: (0.0004181660187896341-2.633225397712796e-13j)
2025-06-04 15:22:25,286 - DEBUG - h_attacker norm: (0.0002712260466068983-1.3398344120372357e-13j)
2025-06-04 15:22:25,286 - DEBUG - Entering _get_steering_vector
2025-06-04 15:22:25,288 - DEBUG - f_theta: 2.4914357662200928, f_phi: 0.0
2025-06-04 15:22:25,291 - DEBUG - Steering vector norm: (19.931486129760742+0j)
2025-06-04 15:22:25,293 - DEBUG - Signal power user: 4.273334464066636e-10, attacker: 3.7112646289472195e-11
2025-06-04 15:22:25,294 - DEBUG - prob_detection: 0.5266388363247587, true_attacker_range: 50.77088928222656, isac_effort: 0.49999999999999994
2025-06-04 15:22:25,294 - DEBUG - Returning state_array: [30.          0.08726647 -3.1415927   0.          0.         50.77089
 -0.30505872]
2025-06-04 15:22:25,294 - DEBUG - Entering step with action_idx: 1
2025-06-04 15:22:25,295 - DEBUG - Entering _get_state
2025-06-04 15:22:25,295 - DEBUG - Entering _get_channel_and_powers
2025-06-04 15:22:25,498 - DEBUG - h_user norm: (0.00039068603655323386-2.503298404069737e-13j)
2025-06-04 15:22:25,701 - DEBUG - h_attacker norm: (7.2905786510091275e-06+1.7127243362707184e-15j)
2025-06-04 15:22:25,701 - DEBUG - Entering _get_steering_vector
2025-06-04 15:22:25,702 - DEBUG - f_theta: 2.431077480316162, f_phi: 0.0
2025-06-04 15:22:25,706 - DEBUG - Steering vector norm: (19.448619842529297+0j)
2025-06-04 15:22:25,707 - DEBUG - Signal power user: 1.116331915795854e-09, attacker: 1.05955446663247e-15
2025-06-04 15:22:25,708 - DEBUG - prob_detection: 0.5256798257855874, true_attacker_range: 50.953155517578125, isac_effort: 0.49999999999999994
2025-06-04 15:22:25,708 - DEBUG - Attacker detected: confidence=0.5595994046975025, detected_range=50.5387029423993, detected_az=-0.06652615857954941
2025-06-04 15:22:25,709 - DEBUG - Returning state_array: [30.          0.17453294 -0.06652616 50.538704    0.5595994  50.953156
 -0.3044973 ]
2025-06-04 15:22:25,709 - DEBUG - Entering step with action_idx: 3
2025-06-04 15:22:25,710 - DEBUG - Entering _get_state
2025-06-04 15:22:25,710 - DEBUG - Entering _get_channel_and_powers
2025-06-04 15:22:25,913 - DEBUG - h_user norm: (0.00013090396532788873+9.825555930128519e-15j)
2025-06-04 15:22:26,129 - DEBUG - h_attacker norm: (0.0005951753119006753+1.3315017762405984e-13j)
2025-06-04 15:22:26,129 - DEBUG - Entering _get_steering_vector
2025-06-04 15:22:26,131 - DEBUG - f_theta: 2.431077480316162, f_phi: 0.0
2025-06-04 15:22:26,135 - DEBUG - Steering vector norm: (19.448619842529297+0j)
2025-06-04 15:22:26,136 - DEBUG - Signal power user: 1.2646404756733176e-10, attacker: 1.5457994259615582e-11
2025-06-04 15:22:26,137 - DEBUG - prob_detection: 0.7359398807534026, true_attacker_range: 50.954769134521484, isac_effort: 0.7
2025-06-04 15:22:26,137 - DEBUG - Attacker detected: confidence=0.7974847665483851, detected_range=47.46396437670223, detected_az=-0.2699804719213714
2025-06-04 15:22:26,138 - DEBUG - Returning state_array: [25.019669    0.17453294 -0.26998046 47.463963    0.79748476 50.95477
 -0.3050149 ]
2025-06-04 15:22:26,138 - DEBUG - Entering step with action_idx: 2
2025-06-04 15:22:26,139 - DEBUG - Entering _get_state
2025-06-04 15:22:26,139 - DEBUG - Entering _get_channel_and_powers
2025-06-04 15:22:26,343 - DEBUG - h_user norm: (8.104889843707497e-07+8.697582059544228e-16j)
2025-06-04 15:22:26,547 - DEBUG - h_attacker norm: (0.00021681729413103312-7.814709708335588e-14j)
2025-06-04 15:22:26,547 - DEBUG - Entering _get_steering_vector
2025-06-04 15:22:26,549 - DEBUG - f_theta: 2.431077480316162, f_phi: 0.0
2025-06-04 15:22:26,553 - DEBUG - Steering vector norm: (19.448619842529297+0j)
2025-06-04 15:22:26,554 - DEBUG - Signal power user: 8.349576323233532e-17, attacker: 3.941498603193816e-12
2025-06-04 15:22:26,554 - WARNING - Signal power user too low, setting default SINR adjustment power
2025-06-04 15:22:26,555 - DEBUG - prob_detection: 0.739385314634133, true_attacker_range: 50.487693786621094, isac_effort: 0.7
2025-06-04 15:22:26,555 - DEBUG - Attacker detected: confidence=0.7467259535752913, detected_range=49.817078052556795, detected_az=-0.27220050637522913
2025-06-04 15:22:26,555 - DEBUG - Returning state_array: [-26.           0.17453294  -0.2722005   49.817078     0.746726
  50.487694    -0.30425462]
2025-06-04 15:22:26,556 - INFO - TERMINATED due to very low SINR: -26.00 dB.
2025-06-04 15:22:26,556 - DEBUG - Entering MmWaveISACEnv.reset
2025-06-04 15:22:26,557 - DEBUG - Entering _get_state
2025-06-04 15:22:26,557 - DEBUG - Entering _get_channel_and_powers
2025-06-04 15:22:26,760 - DEBUG - h_user norm: (2.721284909057431e-05+1.4514421159102578e-14j)
2025-06-04 15:22:26,962 - DEBUG - h_attacker norm: (0.0006067202775739133+1.838235103414701e-13j)
2025-06-04 15:22:26,962 - DEBUG - Entering _get_steering_vector
2025-06-04 15:22:26,963 - DEBUG - f_theta: 2.5118863582611084, f_phi: 0.0
2025-06-04 15:22:26,967 - DEBUG - Steering vector norm: (20.095090866088867+0j)
2025-06-04 15:22:26,968 - DEBUG - Signal power user: 1.173848887016382e-13, attacker: 1.9087663849677583e-13
2025-06-04 15:22:26,969 - DEBUG - prob_detection: 0.818256052297907, true_attacker_range: 40.352081298828125, isac_effort: 0.7
2025-06-04 15:22:26,969 - DEBUG - Attacker detected: confidence=0.7985016099809354, detected_range=44.1952620041426, detected_az=-0.47267939924221203
2025-06-04 15:22:26,970 - DEBUG - Returning state_array: [-5.3038783   0.         -0.4726794  44.195263    0.7985016  40.35208
 -0.53935575]
2025-06-04 15:22:26,970 - DEBUG - reset returning obs shape: (7,)
2025-06-04 15:22:26,970 - DEBUG - Entering step with action_idx: 2
2025-06-04 15:22:26,971 - DEBUG - Entering _get_state
2025-06-04 15:22:26,971 - DEBUG - Entering _get_channel_and_powers
2025-06-04 15:22:27,184 - DEBUG - h_user norm: (0.0003422957379370928-6.228595367745822e-15j)
2025-06-04 15:22:27,391 - DEBUG - h_attacker norm: (1.5568493836326525e-05+1.85155862674315e-14j)
2025-06-04 15:22:27,392 - DEBUG - Entering _get_steering_vector
2025-06-04 15:22:27,393 - DEBUG - f_theta: 2.5118863582611084, f_phi: 0.0
2025-06-04 15:22:27,397 - DEBUG - Steering vector norm: (20.095090866088867+0j)
2025-06-04 15:22:27,399 - DEBUG - Signal power user: 2.924881170596194e-10, attacker: 8.667846713820981e-14
2025-06-04 15:22:27,400 - DEBUG - prob_detection: 0.8186044746002349, true_attacker_range: 40.30950927734375, isac_effort: 0.7
2025-06-04 15:22:27,400 - DEBUG - Attacker detected: confidence=0.757317907381229, detected_range=42.144255035702855, detected_az=-0.5364736119176323
2025-06-04 15:22:27,400 - DEBUG - Returning state_array: [28.661081    0.         -0.53647363 42.144257    0.7573179  40.30951
 -0.5399138 ]
2025-06-04 15:22:27,401 - DEBUG - Entering step with action_idx: 1
2025-06-04 15:22:27,401 - DEBUG - Entering _get_state
2025-06-04 15:22:27,401 - DEBUG - Entering _get_channel_and_powers
2025-06-04 15:22:27,606 - DEBUG - h_user norm: (0.0007134281331673265-6.567893473009845e-15j)
2025-06-04 15:22:27,809 - DEBUG - h_attacker norm: (0.00025265172007493675+1.724332482355706e-13j)
2025-06-04 15:22:27,809 - DEBUG - Entering _get_steering_vector
2025-06-04 15:22:27,811 - DEBUG - f_theta: 2.4914357662200928, f_phi: 0.0
2025-06-04 15:22:27,814 - DEBUG - Steering vector norm: (19.931486129760742+0j)
2025-06-04 15:22:27,816 - DEBUG - Signal power user: 4.3359031920431335e-09, attacker: 4.217339151513233e-12
2025-06-04 15:22:27,817 - DEBUG - prob_detection: 0.8191636963382242, true_attacker_range: 40.24121856689453, isac_effort: 0.7
2025-06-04 15:22:27,817 - DEBUG - Attacker detected: confidence=0.871504383949177, detected_range=38.91563481659447, detected_az=-0.6937295181323538
2025-06-04 15:22:27,817 - DEBUG - Returning state_array: [30.          0.08726646 -0.6937295  38.915634    0.87150437 40.24122
 -0.54029787]
2025-06-04 15:22:27,817 - DEBUG - Entering step with action_idx: 1
2025-06-04 15:22:27,818 - DEBUG - Entering _get_state
2025-06-04 15:22:27,818 - DEBUG - Entering _get_channel_and_powers
2025-06-04 15:22:28,021 - DEBUG - h_user norm: (1.5291647287085652e-05-1.0224552705756789e-15j)
2025-06-04 15:22:28,226 - DEBUG - h_attacker norm: (0.0003627561090979725+8.597570084253187e-14j)
2025-06-04 15:22:28,226 - DEBUG - Entering _get_steering_vector
2025-06-04 15:22:28,228 - DEBUG - f_theta: 2.431077480316162, f_phi: 0.0
2025-06-04 15:22:28,231 - DEBUG - Steering vector norm: (19.448619842529297+0j)
2025-06-04 15:22:28,233 - DEBUG - Signal power user: 1.4352498952773657e-13, attacker: 3.944778965286888e-12
2025-06-04 15:22:28,233 - DEBUG - prob_detection: 0.8187620938676133, true_attacker_range: 40.29025650024414, isac_effort: 0.7
2025-06-04 15:22:28,234 - DEBUG - Attacker detected: confidence=0.79658817168664, detected_range=41.78136255652345, detected_az=-0.5458496689748681
2025-06-04 15:22:28,234 - DEBUG - Returning state_array: [-4.430725    0.17453292 -0.5458497  41.781364    0.7965882  40.290257
 -0.539838  ]
2025-06-04 15:22:28,235 - DEBUG - Entering step with action_idx: 2
2025-06-04 15:22:28,235 - DEBUG - Entering _get_state
2025-06-04 15:22:28,235 - DEBUG - Entering _get_channel_and_powers
2025-06-04 15:22:28,439 - DEBUG - h_user norm: (5.760179919889197e-05+3.707698685291409e-15j)
2025-06-04 15:22:28,642 - DEBUG - h_attacker norm: (0.00015404861187562346-5.080163449199676e-14j)
2025-06-04 15:22:28,643 - DEBUG - Entering _get_steering_vector
2025-06-04 15:22:28,644 - DEBUG - f_theta: 2.431077480316162, f_phi: 0.0
2025-06-04 15:22:28,648 - DEBUG - Steering vector norm: (19.448619842529297+0j)
2025-06-04 15:22:28,649 - DEBUG - Signal power user: 2.540177790333331e-11, attacker: 3.357480580449407e-13
2025-06-04 15:22:28,650 - DEBUG - prob_detection: 0.817921444317672, true_attacker_range: 40.392982482910156, isac_effort: 0.7
2025-06-04 15:22:28,650 - DEBUG - Attacker detected: confidence=0.8327761734829997, detected_range=40.43349021035952, detected_az=-0.5474448397410341
2025-06-04 15:22:28,651 - DEBUG - Returning state_array: [18.048641    0.17453292 -0.5474448  40.43349     0.8327762  40.392982
 -0.5421789 ]
2025-06-04 15:22:28,651 - DEBUG - Entering step with action_idx: 0
2025-06-04 15:22:28,652 - DEBUG - Entering _get_state
2025-06-04 15:22:28,652 - DEBUG - Entering _get_channel_and_powers
2025-06-04 15:22:28,856 - DEBUG - h_user norm: (2.093385046464391e-05-4.108095394623253e-15j)
2025-06-04 15:22:29,059 - DEBUG - h_attacker norm: (0.00019092550792265683+9.818366314472225e-15j)
2025-06-04 15:22:29,060 - DEBUG - Entering _get_steering_vector
2025-06-04 15:22:29,061 - DEBUG - f_theta: 2.4914357662200928, f_phi: 0.0
2025-06-04 15:22:29,065 - DEBUG - Steering vector norm: (19.931486129760742+0j)
2025-06-04 15:22:29,066 - DEBUG - Signal power user: 6.733815978779423e-13, attacker: 2.6507717462015412e-12
2025-06-04 15:22:29,067 - DEBUG - prob_detection: 0.816642477374403, true_attacker_range: 40.54947280883789, isac_effort: 0.7
2025-06-04 15:22:29,068 - DEBUG - Returning state_array: [ 2.2826126   0.08726646 -3.1415927   0.          0.         40.549473
 -0.5467407 ]
2025-06-04 15:22:29,068 - DEBUG - Entering step with action_idx: 0
2025-06-04 15:22:29,069 - DEBUG - Entering _get_state
2025-06-04 15:22:29,069 - DEBUG - Entering _get_channel_and_powers
2025-06-04 15:22:29,273 - DEBUG - h_user norm: (0.00021559291053563356+1.5282316156908088e-13j)
2025-06-04 15:22:29,477 - DEBUG - h_attacker norm: (1.765052365954034e-05+2.0176626347326657e-14j)
2025-06-04 15:22:29,477 - DEBUG - Entering _get_steering_vector
2025-06-04 15:22:29,479 - DEBUG - f_theta: 2.5118863582611084, f_phi: 0.0
2025-06-04 15:22:29,482 - DEBUG - Steering vector norm: (20.095090866088867+0j)
2025-06-04 15:22:29,484 - DEBUG - Signal power user: 8.28862464774538e-11, attacker: 1.3214731771956506e-13
2025-06-04 15:22:29,485 - DEBUG - prob_detection: 0.8169110555476, true_attacker_range: 40.5165901184082, isac_effort: 0.7
2025-06-04 15:22:29,485 - DEBUG - Attacker detected: confidence=0.7497163850715185, detected_range=38.450522364243824, detected_az=-0.5908473942992829
2025-06-04 15:22:29,485 - DEBUG - Returning state_array: [ 2.3184826e+01 -2.5386431e-09 -5.9084737e-01  3.8450523e+01
  7.4971640e-01  4.0516590e+01 -5.4759061e-01]
2025-06-04 15:22:29,485 - DEBUG - Entering step with action_idx: 3
2025-06-04 15:22:29,486 - DEBUG - Entering _get_state
2025-06-04 15:22:29,486 - DEBUG - Entering _get_channel_and_powers
2025-06-04 15:22:29,690 - DEBUG - h_user norm: (0.0002287878596689552+7.482734457010462e-14j)
2025-06-04 15:22:29,896 - DEBUG - h_attacker norm: (0.00036770268343389034-2.363366663829525e-13j)
2025-06-04 15:22:29,896 - DEBUG - Entering _get_steering_vector
2025-06-04 15:22:29,897 - DEBUG - f_theta: 2.5118863582611084, f_phi: 0.0
2025-06-04 15:22:29,901 - DEBUG - Steering vector norm: (20.095090866088867+0j)
2025-06-04 15:22:29,902 - DEBUG - Signal power user: 1.0124590749116535e-10, attacker: 1.0563030485022384e-12
2025-06-04 15:22:29,903 - DEBUG - prob_detection: 1.0, true_attacker_range: 40.82098388671875, isac_effort: 0.8999999999999999
2025-06-04 15:22:29,903 - DEBUG - Attacker detected: confidence=1.0, detected_range=39.913805498755664, detected_az=-0.44365327576035657
2025-06-04 15:22:29,904 - DEBUG - Returning state_array: [ 2.4053774e+01 -2.5386431e-09 -4.4365329e-01  3.9913807e+01
  1.0000000e+00  4.0820984e+01 -5.5673712e-01]
2025-06-04 15:22:29,904 - DEBUG - Entering step with action_idx: 0
2025-06-04 15:22:29,905 - DEBUG - Entering _get_state
2025-06-04 15:22:29,905 - DEBUG - Entering _get_channel_and_powers
2025-06-04 15:22:30,108 - DEBUG - h_user norm: (0.0008622929453849792-1.800745289643954e-13j)
2025-06-04 15:22:30,312 - DEBUG - h_attacker norm: (0.0003563641512300819-7.608442955525652e-14j)
2025-06-04 15:22:30,312 - DEBUG - Entering _get_steering_vector
2025-06-04 15:22:30,314 - DEBUG - f_theta: 2.4914357662200928, f_phi: 0.0
2025-06-04 15:22:30,317 - DEBUG - Steering vector norm: (19.931486129760742+0j)
2025-06-04 15:22:30,319 - DEBUG - Signal power user: 1.361900002494476e-11, attacker: 9.452852563207603e-12
2025-06-04 15:22:30,320 - DEBUG - prob_detection: 1.0, true_attacker_range: 41.05891418457031, isac_effort: 0.8999999999999999
2025-06-04 15:22:30,320 - DEBUG - Attacker detected: confidence=0.964667725466642, detected_range=42.990660583489245, detected_az=-0.543309268819857
2025-06-04 15:22:30,320 - DEBUG - Returning state_array: [15.341453   -0.08726647 -0.5433093  42.99066     0.96466774 41.058914
 -0.5590602 ]
2025-06-04 15:22:30,320 - DEBUG - Entering step with action_idx: 2
2025-06-04 15:22:30,321 - DEBUG - Entering _get_state
2025-06-04 15:22:30,321 - DEBUG - Entering _get_channel_and_powers
2025-06-04 15:22:30,525 - DEBUG - h_user norm: (0.00040965003427118063+6.944751983770439e-14j)
2025-06-04 15:22:30,728 - DEBUG - h_attacker norm: (0.0005007074796594679-3.265962261918276e-13j)
2025-06-04 15:22:30,728 - DEBUG - Entering _get_steering_vector
2025-06-04 15:22:30,729 - DEBUG - f_theta: 2.4914357662200928, f_phi: 0.0
2025-06-04 15:22:30,733 - DEBUG - Steering vector norm: (19.931486129760742+0j)
2025-06-04 15:22:30,734 - DEBUG - Signal power user: 7.2135361919856145e-12, attacker: 2.224138234696582e-11
2025-06-04 15:22:30,735 - DEBUG - prob_detection: 1.0, true_attacker_range: 40.84229278564453, isac_effort: 0.8999999999999999
2025-06-04 15:22:30,735 - DEBUG - Attacker detected: confidence=1.0, detected_range=42.08482348691264, detected_az=-0.6107444231251298
2025-06-04 15:22:30,736 - DEBUG - Returning state_array: [12.581482   -0.08726647 -0.6107444  42.084824    1.         40.842293
 -0.5625426 ]
2025-06-04 15:22:30,736 - DEBUG - Entering step with action_idx: 2
2025-06-04 15:22:30,737 - DEBUG - Entering _get_state
2025-06-04 15:22:30,737 - DEBUG - Entering _get_channel_and_powers
2025-06-04 15:22:30,941 - DEBUG - h_user norm: (0.00014704481873195618-8.937422741987777e-14j)
2025-06-04 15:22:31,144 - DEBUG - h_attacker norm: (0.0006246186676435173-4.146500579959439e-13j)
2025-06-04 15:22:31,144 - DEBUG - Entering _get_steering_vector
2025-06-04 15:22:31,146 - DEBUG - f_theta: 2.4914357662200928, f_phi: 0.0
2025-06-04 15:22:31,150 - DEBUG - Steering vector norm: (19.931486129760742+0j)
2025-06-04 15:22:31,151 - DEBUG - Signal power user: 2.8479117935437115e-13, attacker: 2.2712186298345927e-11
2025-06-04 15:22:31,152 - DEBUG - prob_detection: 1.0, true_attacker_range: 40.91352844238281, isac_effort: 0.8999999999999999
2025-06-04 15:22:31,152 - DEBUG - Attacker detected: confidence=0.9487805745739143, detected_range=39.297789437884845, detected_az=-0.5780549794119271
2025-06-04 15:22:31,152 - DEBUG - Returning state_array: [-1.4547347  -0.08726647 -0.57805496 39.29779     0.9487806  40.91353
 -0.5687124 ]
2025-06-04 15:22:31,153 - DEBUG - Entering step with action_idx: 4
2025-06-04 15:22:31,154 - DEBUG - Entering _get_state
2025-06-04 15:22:31,154 - DEBUG - Entering _get_channel_and_powers
2025-06-04 15:22:31,357 - DEBUG - h_user norm: (0.00020349363330751657-1.1255762083018164e-13j)
2025-06-04 15:22:31,561 - DEBUG - h_attacker norm: (0.00022050918778404593-7.476240085997274e-14j)
2025-06-04 15:22:31,561 - DEBUG - Entering _get_steering_vector
2025-06-04 15:22:31,563 - DEBUG - f_theta: 2.4914357662200928, f_phi: 0.0
2025-06-04 15:22:31,566 - DEBUG - Steering vector norm: (19.931486129760742+0j)
2025-06-04 15:22:31,568 - DEBUG - Signal power user: 1.5567709339518732e-13, attacker: 4.178210295108231e-12
2025-06-04 15:22:31,569 - DEBUG - prob_detection: 0.8109754785728948, true_attacker_range: 41.24583053588867, isac_effort: 0.7
2025-06-04 15:22:31,569 - DEBUG - Attacker detected: confidence=0.8425466533322842, detected_range=41.666799994641096, detected_az=-0.5242346216511986
2025-06-04 15:22:31,569 - DEBUG - Returning state_array: [-4.077753   -0.08726647 -0.5242346  41.6668      0.84254664 41.24583
 -0.56162006]
2025-06-04 15:22:31,570 - DEBUG - Entering step with action_idx: 2
2025-06-04 15:22:31,570 - DEBUG - Entering _get_state
2025-06-04 15:22:31,571 - DEBUG - Entering _get_channel_and_powers
